c:\e-yantra 2k19\task 1\task1#cb\3.cb project\debug\cb_task_1_project.lib
c:\e-yantra 2k19\task 1\task1#cb\3.cb project\debug\cb_task_1_project.exp
c:\e-yantra 2k19\task 1\task1#cb\3.cb project\debug\vc142.pdb
c:\e-yantra 2k19\task 1\task1#cb\3.cb project\debug\vc142.idb
c:\e-yantra 2k19\task 1\task1#cb\3.cb project\debug\extapiplatform.obj
c:\e-yantra 2k19\task 1\task1#cb\3.cb project\debug\extapi.obj
c:\e-yantra 2k19\task 1\task1#cb\3.cb project\debug\cb_task_1_predef.obj
c:\e-yantra 2k19\task 1\task1#cb\3.cb project\debug\cb_task_1.obj
c:\e-yantra 2k19\task 1\task1#cb\3.cb project\debug\cb_task_1_sandbox.obj
c:\e-yantra 2k19\task 1\task1#cb\3.cb project\debug\cb_task_1_project.exe
c:\e-yantra 2k19\task 1\task1#cb\3.cb project\debug\cb_task_1_project.ilk
c:\e-yantra 2k19\task 1\task1#cb\3.cb project\debug\cb_task_1_project.pdb
c:\e-yantra 2k19\task 1\task1#cb\3.cb project\debug\cb_task_.6f788989.tlog\cb_task_1_project.write.1u.tlog
c:\e-yantra 2k19\task 1\task1#cb\3.cb project\debug\cb_task_.6f788989.tlog\cl.command.1.tlog
c:\e-yantra 2k19\task 1\task1#cb\3.cb project\debug\cb_task_.6f788989.tlog\cl.read.1.tlog
c:\e-yantra 2k19\task 1\task1#cb\3.cb project\debug\cb_task_.6f788989.tlog\cl.write.1.tlog
c:\e-yantra 2k19\task 1\task1#cb\3.cb project\debug\cb_task_.6f788989.tlog\link.command.1.tlog
c:\e-yantra 2k19\task 1\task1#cb\3.cb project\debug\cb_task_.6f788989.tlog\link.delete.1.tlog
c:\e-yantra 2k19\task 1\task1#cb\3.cb project\debug\cb_task_.6f788989.tlog\link.read.1.tlog
c:\e-yantra 2k19\task 1\task1#cb\3.cb project\debug\cb_task_.6f788989.tlog\link.write.1.tlog
